[0.032s] Invoking command in '/home/rahul/Desktop/module_1_assignment/build/module_1_assignment': CMAKE_PREFIX_PATH=${CMAKE_PREFIX_PATH}:/opt/ros/humble /usr/bin/cmake --build /home/rahul/Desktop/module_1_assignment/build/module_1_assignment -- -j4 -l4
[0.087s] -- Found ament_cmake: 1.3.9 (/opt/ros/humble/share/ament_cmake/cmake)
[0.329s] -- Found ament_lint_auto: 0.12.11 (/opt/ros/humble/share/ament_lint_auto/cmake)
[0.478s] -- Added test 'cppcheck' to perform static code analysis on C / C++ code
[0.478s] -- Configured cppcheck include dirs: /home/rahul/Desktop/module_1_assignment/include
[0.478s] -- Configured cppcheck exclude dirs and/or files: 
[0.483s] -- Added test 'flake8' to check Python code syntax and style conventions
[0.493s] -- Added test 'lint_cmake' to check CMake code style
[0.498s] -- Added test 'pep257' to check Python code against some of the docstring style conventions in PEP 257
[0.543s] -- Added test 'uncrustify' to check C / C++ code style
[0.544s] -- Configured uncrustify additional arguments: 
[0.549s] -- Added test 'xmllint' to check XML markup files
[0.552s] -- Configuring done
[0.567s] -- Generating done
[0.569s] -- Build files have been written to: /home/rahul/Desktop/module_1_assignment/build/module_1_assignment
[0.611s] [35m[1mConsolidate compiler generated dependencies of target task_3[0m
[0.613s] [35m[1mConsolidate compiler generated dependencies of target task_4[0m
[0.637s] [ 16%] [32mBuilding CXX object CMakeFiles/task_3.dir/src/task_3_main.cpp.o[0m
[0.652s] [ 33%] [32mBuilding CXX object CMakeFiles/task_4.dir/src/main.cpp.o[0m
[0.660s] [ 50%] [32mBuilding CXX object CMakeFiles/task_4.dir/src/Actuator.cpp.o[0m
[0.679s] [ 66%] [32mBuilding CXX object CMakeFiles/task_4.dir/src/Robot.cpp.o[0m
[1.472s] [ 83%] [32m[1mLinking CXX executable task_3[0m
[1.643s] [100%] [32m[1mLinking CXX executable task_4[0m
[1.662s] [100%] Built target task_3
[1.782s] [100%] Built target task_4
[1.799s] Invoked command in '/home/rahul/Desktop/module_1_assignment/build/module_1_assignment' returned '0': CMAKE_PREFIX_PATH=${CMAKE_PREFIX_PATH}:/opt/ros/humble /usr/bin/cmake --build /home/rahul/Desktop/module_1_assignment/build/module_1_assignment -- -j4 -l4
[1.871s] Invoking command in '/home/rahul/Desktop/module_1_assignment/build/module_1_assignment': CMAKE_PREFIX_PATH=${CMAKE_PREFIX_PATH}:/opt/ros/humble /usr/bin/cmake --install /home/rahul/Desktop/module_1_assignment/build/module_1_assignment
[1.882s] -- Install configuration: ""
[1.882s] -- Up-to-date: /home/rahul/Desktop/module_1_assignment/install/module_1_assignment/share/ament_index/resource_index/package_run_dependencies/module_1_assignment
[1.882s] -- Installing: /home/rahul/Desktop/module_1_assignment/install/module_1_assignment/share/ament_index/resource_index/parent_prefix_path/module_1_assignment
[1.882s] -- Up-to-date: /home/rahul/Desktop/module_1_assignment/install/module_1_assignment/share/module_1_assignment/environment/ament_prefix_path.sh
[1.882s] -- Installing: /home/rahul/Desktop/module_1_assignment/install/module_1_assignment/share/module_1_assignment/environment/ament_prefix_path.dsv
[1.883s] -- Up-to-date: /home/rahul/Desktop/module_1_assignment/install/module_1_assignment/share/module_1_assignment/environment/path.sh
[1.883s] -- Installing: /home/rahul/Desktop/module_1_assignment/install/module_1_assignment/share/module_1_assignment/environment/path.dsv
[1.884s] -- Up-to-date: /home/rahul/Desktop/module_1_assignment/install/module_1_assignment/share/module_1_assignment/local_setup.bash
[1.885s] -- Up-to-date: /home/rahul/Desktop/module_1_assignment/install/module_1_assignment/share/module_1_assignment/local_setup.sh
[1.885s] -- Up-to-date: /home/rahul/Desktop/module_1_assignment/install/module_1_assignment/share/module_1_assignment/local_setup.zsh
[1.885s] -- Installing: /home/rahul/Desktop/module_1_assignment/install/module_1_assignment/share/module_1_assignment/local_setup.dsv
[1.885s] -- Installing: /home/rahul/Desktop/module_1_assignment/install/module_1_assignment/share/module_1_assignment/package.dsv
[1.886s] -- Up-to-date: /home/rahul/Desktop/module_1_assignment/install/module_1_assignment/share/ament_index/resource_index/packages/module_1_assignment
[1.886s] -- Up-to-date: /home/rahul/Desktop/module_1_assignment/install/module_1_assignment/share/module_1_assignment/cmake/module_1_assignmentConfig.cmake
[1.886s] -- Up-to-date: /home/rahul/Desktop/module_1_assignment/install/module_1_assignment/share/module_1_assignment/cmake/module_1_assignmentConfig-version.cmake
[1.886s] -- Up-to-date: /home/rahul/Desktop/module_1_assignment/install/module_1_assignment/share/module_1_assignment/package.xml
[1.890s] Invoked command in '/home/rahul/Desktop/module_1_assignment/build/module_1_assignment' returned '0': CMAKE_PREFIX_PATH=${CMAKE_PREFIX_PATH}:/opt/ros/humble /usr/bin/cmake --install /home/rahul/Desktop/module_1_assignment/build/module_1_assignment
