[0.313s] DEBUG:colcon:Command line arguments: ['/usr/bin/colcon', 'build']
[0.313s] DEBUG:colcon:Parsed command line arguments: Namespace(log_base=None, log_level=None, verb_name='build', build_base='build', install_base='install', merge_install=False, symlink_install=False, test_result_base=None, continue_on_error=False, executor='parallel', parallel_workers=4, event_handlers=None, ignore_user_meta=False, metas=['./colcon.meta'], base_paths=['.'], packages_ignore=None, packages_ignore_regex=None, paths=None, packages_up_to=None, packages_up_to_regex=None, packages_above=None, packages_above_and_dependencies=None, packages_above_depth=None, packages_select_by_dep=None, packages_skip_by_dep=None, packages_skip_up_to=None, packages_select_build_failed=False, packages_skip_build_finished=False, packages_select_test_failures=False, packages_skip_test_passed=False, packages_select=None, packages_skip=None, packages_select_regex=None, packages_skip_regex=None, packages_start=None, packages_end=None, allow_overriding=[], cmake_args=None, cmake_target=None, cmake_target_skip_unavailable=False, cmake_clean_cache=False, cmake_clean_first=False, cmake_force_configure=False, ament_cmake_args=None, catkin_cmake_args=None, catkin_skip_building_tests=False, verb_parser=<colcon_defaults.argument_parser.defaults.DefaultArgumentsDecorator object at 0x7820bca4d720>, verb_extension=<colcon_core.verb.build.BuildVerb object at 0x7820bca4d1e0>, main=<bound method BuildVerb.main of <colcon_core.verb.build.BuildVerb object at 0x7820bca4d1e0>>)
[0.718s] Level 1:colcon.colcon_core.package_discovery:discover_packages(colcon_meta) check parameters
[0.718s] Level 1:colcon.colcon_core.package_discovery:discover_packages(recursive) check parameters
[0.718s] Level 1:colcon.colcon_core.package_discovery:discover_packages(ignore) check parameters
[0.718s] Level 1:colcon.colcon_core.package_discovery:discover_packages(path) check parameters
[0.718s] Level 1:colcon.colcon_core.package_discovery:discover_packages(colcon_meta) discover
[0.718s] Level 1:colcon.colcon_core.package_discovery:discover_packages(recursive) discover
[0.718s] INFO:colcon.colcon_core.package_discovery:Crawling recursively for packages in '/home/rahul/Desktop/module_1_assignment'
[0.718s] Level 1:colcon.colcon_core.package_identification:_identify(.) by extensions ['ignore', 'ignore_ament_install']
[0.719s] Level 1:colcon.colcon_core.package_identification:_identify(.) by extension 'ignore'
[0.719s] Level 1:colcon.colcon_core.package_identification:_identify(.) by extension 'ignore_ament_install'
[0.719s] Level 1:colcon.colcon_core.package_identification:_identify(.) by extensions ['colcon_pkg']
[0.719s] Level 1:colcon.colcon_core.package_identification:_identify(.) by extension 'colcon_pkg'
[0.719s] Level 1:colcon.colcon_core.package_identification:_identify(.) by extensions ['colcon_meta']
[0.719s] Level 1:colcon.colcon_core.package_identification:_identify(.) by extension 'colcon_meta'
[0.719s] Level 1:colcon.colcon_core.package_identification:_identify(.) by extensions ['ros']
[0.719s] Level 1:colcon.colcon_core.package_identification:_identify(.) by extension 'ros'
[0.744s] DEBUG:colcon.colcon_core.package_identification:Package '.' with type 'ros.ament_cmake' and name 'module_1_assignment'
[0.744s] Level 1:colcon.colcon_core.package_discovery:discover_packages(recursive) using defaults
[0.744s] Level 1:colcon.colcon_core.package_discovery:discover_packages(ignore) discover
[0.745s] Level 1:colcon.colcon_core.package_discovery:discover_packages(ignore) using defaults
[0.745s] Level 1:colcon.colcon_core.package_discovery:discover_packages(path) discover
[0.745s] Level 1:colcon.colcon_core.package_discovery:discover_packages(path) using defaults
[0.777s] Level 1:colcon.colcon_core.package_discovery:discover_packages(prefix_path) check parameters
[0.778s] Level 1:colcon.colcon_core.package_discovery:discover_packages(prefix_path) discover
[0.783s] DEBUG:colcon.colcon_installed_package_information.package_discovery:Found 1 installed packages in /home/rahul/Desktop/module_1_assignment/install
[0.786s] DEBUG:colcon.colcon_installed_package_information.package_discovery:Found 406 installed packages in /opt/ros/humble
[0.802s] Level 1:colcon.colcon_core.package_discovery:discover_packages(prefix_path) using defaults
[0.937s] Level 5:colcon.colcon_core.verb:set package 'module_1_assignment' build argument 'cmake_args' from command line to 'None'
[0.938s] Level 5:colcon.colcon_core.verb:set package 'module_1_assignment' build argument 'cmake_target' from command line to 'None'
[0.938s] Level 5:colcon.colcon_core.verb:set package 'module_1_assignment' build argument 'cmake_target_skip_unavailable' from command line to 'False'
[0.938s] Level 5:colcon.colcon_core.verb:set package 'module_1_assignment' build argument 'cmake_clean_cache' from command line to 'False'
[0.938s] Level 5:colcon.colcon_core.verb:set package 'module_1_assignment' build argument 'cmake_clean_first' from command line to 'False'
[0.938s] Level 5:colcon.colcon_core.verb:set package 'module_1_assignment' build argument 'cmake_force_configure' from command line to 'False'
[0.938s] Level 5:colcon.colcon_core.verb:set package 'module_1_assignment' build argument 'ament_cmake_args' from command line to 'None'
[0.938s] Level 5:colcon.colcon_core.verb:set package 'module_1_assignment' build argument 'catkin_cmake_args' from command line to 'None'
[0.938s] Level 5:colcon.colcon_core.verb:set package 'module_1_assignment' build argument 'catkin_skip_building_tests' from command line to 'False'
[0.938s] DEBUG:colcon.colcon_core.verb:Building package 'module_1_assignment' with the following arguments: {'ament_cmake_args': None, 'build_base': '/home/rahul/Desktop/module_1_assignment/build/module_1_assignment', 'catkin_cmake_args': None, 'catkin_skip_building_tests': False, 'cmake_args': None, 'cmake_clean_cache': False, 'cmake_clean_first': False, 'cmake_force_configure': False, 'cmake_target': None, 'cmake_target_skip_unavailable': False, 'install_base': '/home/rahul/Desktop/module_1_assignment/install/module_1_assignment', 'merge_install': False, 'path': '/home/rahul/Desktop/module_1_assignment', 'symlink_install': False, 'test_result_base': None}
[0.938s] INFO:colcon.colcon_core.executor:Executing jobs using 'parallel' executor
[0.940s] DEBUG:colcon.colcon_parallel_executor.executor.parallel:run_until_complete
[0.940s] INFO:colcon.colcon_ros.task.ament_cmake.build:Building ROS package in '/home/rahul/Desktop/module_1_assignment' with build type 'ament_cmake'
[0.941s] INFO:colcon.colcon_cmake.task.cmake.build:Building CMake package in '/home/rahul/Desktop/module_1_assignment'
[0.946s] INFO:colcon.colcon_core.plugin_system:Skipping extension 'colcon_core.shell.bat': Not used on non-Windows systems
[0.946s] INFO:colcon.colcon_core.shell:Skip shell extension 'powershell' for command environment: Not usable outside of PowerShell
[0.946s] DEBUG:colcon.colcon_core.shell:Skip shell extension 'dsv' for command environment
[0.965s] DEBUG:colcon.colcon_core.event_handler.log_command:Invoking command in '/home/rahul/Desktop/module_1_assignment/build/module_1_assignment': CMAKE_PREFIX_PATH=${CMAKE_PREFIX_PATH}:/opt/ros/humble /usr/bin/cmake --build /home/rahul/Desktop/module_1_assignment/build/module_1_assignment -- -j4 -l4
[4.241s] DEBUG:colcon.colcon_core.event_handler.log_command:Invoked command in '/home/rahul/Desktop/module_1_assignment/build/module_1_assignment' returned '0': CMAKE_PREFIX_PATH=${CMAKE_PREFIX_PATH}:/opt/ros/humble /usr/bin/cmake --build /home/rahul/Desktop/module_1_assignment/build/module_1_assignment -- -j4 -l4
[4.314s] DEBUG:colcon.colcon_core.event_handler.log_command:Invoking command in '/home/rahul/Desktop/module_1_assignment/build/module_1_assignment': CMAKE_PREFIX_PATH=${CMAKE_PREFIX_PATH}:/opt/ros/humble /usr/bin/cmake --install /home/rahul/Desktop/module_1_assignment/build/module_1_assignment
[4.335s] Level 1:colcon.colcon_core.environment:create_environment_scripts_only(module_1_assignment)
[4.336s] DEBUG:colcon.colcon_core.event_handler.log_command:Invoked command in '/home/rahul/Desktop/module_1_assignment/build/module_1_assignment' returned '0': CMAKE_PREFIX_PATH=${CMAKE_PREFIX_PATH}:/opt/ros/humble /usr/bin/cmake --install /home/rahul/Desktop/module_1_assignment/build/module_1_assignment
[4.340s] Level 1:colcon.colcon_core.environment:checking '/home/rahul/Desktop/module_1_assignment/install/module_1_assignment' for CMake module files
[4.341s] Level 1:colcon.colcon_core.environment:checking '/home/rahul/Desktop/module_1_assignment/install/module_1_assignment' for CMake config files
[4.342s] Level 1:colcon.colcon_core.shell:create_environment_hook('module_1_assignment', 'cmake_prefix_path')
[4.342s] INFO:colcon.colcon_core.shell:Creating environment hook '/home/rahul/Desktop/module_1_assignment/install/module_1_assignment/share/module_1_assignment/hook/cmake_prefix_path.ps1'
[4.343s] INFO:colcon.colcon_core.shell:Creating environment descriptor '/home/rahul/Desktop/module_1_assignment/install/module_1_assignment/share/module_1_assignment/hook/cmake_prefix_path.dsv'
[4.344s] INFO:colcon.colcon_core.shell:Creating environment hook '/home/rahul/Desktop/module_1_assignment/install/module_1_assignment/share/module_1_assignment/hook/cmake_prefix_path.sh'
[4.345s] Level 1:colcon.colcon_core.environment:checking '/home/rahul/Desktop/module_1_assignment/install/module_1_assignment/lib'
[4.346s] Level 1:colcon.colcon_core.environment:checking '/home/rahul/Desktop/module_1_assignment/install/module_1_assignment/bin'
[4.346s] Level 1:colcon.colcon_core.environment:checking '/home/rahul/Desktop/module_1_assignment/install/module_1_assignment/lib/pkgconfig/module_1_assignment.pc'
[4.346s] Level 1:colcon.colcon_core.environment:checking '/home/rahul/Desktop/module_1_assignment/install/module_1_assignment/lib/python3.10/site-packages'
[4.347s] Level 1:colcon.colcon_core.environment:checking '/home/rahul/Desktop/module_1_assignment/install/module_1_assignment/bin'
[4.347s] INFO:colcon.colcon_core.shell:Creating package script '/home/rahul/Desktop/module_1_assignment/install/module_1_assignment/share/module_1_assignment/package.ps1'
[4.348s] INFO:colcon.colcon_core.shell:Creating package descriptor '/home/rahul/Desktop/module_1_assignment/install/module_1_assignment/share/module_1_assignment/package.dsv'
[4.349s] INFO:colcon.colcon_core.shell:Creating package script '/home/rahul/Desktop/module_1_assignment/install/module_1_assignment/share/module_1_assignment/package.sh'
[4.350s] INFO:colcon.colcon_core.shell:Creating package script '/home/rahul/Desktop/module_1_assignment/install/module_1_assignment/share/module_1_assignment/package.bash'
[4.351s] INFO:colcon.colcon_core.shell:Creating package script '/home/rahul/Desktop/module_1_assignment/install/module_1_assignment/share/module_1_assignment/package.zsh'
[4.352s] Level 1:colcon.colcon_core.environment:create_file_with_runtime_dependencies(/home/rahul/Desktop/module_1_assignment/install/module_1_assignment/share/colcon-core/packages/module_1_assignment)
[4.408s] Level 1:colcon.colcon_core.environment:create_environment_scripts_only(module_1_assignment)
[4.409s] Level 1:colcon.colcon_core.environment:checking '/home/rahul/Desktop/module_1_assignment/install/module_1_assignment' for CMake module files
[4.410s] Level 1:colcon.colcon_core.environment:checking '/home/rahul/Desktop/module_1_assignment/install/module_1_assignment' for CMake config files
[4.411s] Level 1:colcon.colcon_core.shell:create_environment_hook('module_1_assignment', 'cmake_prefix_path')
[4.411s] INFO:colcon.colcon_core.shell:Creating environment hook '/home/rahul/Desktop/module_1_assignment/install/module_1_assignment/share/module_1_assignment/hook/cmake_prefix_path.ps1'
[4.412s] INFO:colcon.colcon_core.shell:Creating environment descriptor '/home/rahul/Desktop/module_1_assignment/install/module_1_assignment/share/module_1_assignment/hook/cmake_prefix_path.dsv'
[4.413s] INFO:colcon.colcon_core.shell:Creating environment hook '/home/rahul/Desktop/module_1_assignment/install/module_1_assignment/share/module_1_assignment/hook/cmake_prefix_path.sh'
[4.414s] Level 1:colcon.colcon_core.environment:checking '/home/rahul/Desktop/module_1_assignment/install/module_1_assignment/lib'
[4.414s] Level 1:colcon.colcon_core.environment:checking '/home/rahul/Desktop/module_1_assignment/install/module_1_assignment/bin'
[4.414s] Level 1:colcon.colcon_core.environment:checking '/home/rahul/Desktop/module_1_assignment/install/module_1_assignment/lib/pkgconfig/module_1_assignment.pc'
[4.414s] Level 1:colcon.colcon_core.environment:checking '/home/rahul/Desktop/module_1_assignment/install/module_1_assignment/lib/python3.10/site-packages'
[4.415s] Level 1:colcon.colcon_core.environment:checking '/home/rahul/Desktop/module_1_assignment/install/module_1_assignment/bin'
[4.415s] INFO:colcon.colcon_core.shell:Creating package script '/home/rahul/Desktop/module_1_assignment/install/module_1_assignment/share/module_1_assignment/package.ps1'
[4.416s] INFO:colcon.colcon_core.shell:Creating package descriptor '/home/rahul/Desktop/module_1_assignment/install/module_1_assignment/share/module_1_assignment/package.dsv'
[4.417s] INFO:colcon.colcon_core.shell:Creating package script '/home/rahul/Desktop/module_1_assignment/install/module_1_assignment/share/module_1_assignment/package.sh'
[4.418s] INFO:colcon.colcon_core.shell:Creating package script '/home/rahul/Desktop/module_1_assignment/install/module_1_assignment/share/module_1_assignment/package.bash'
[4.419s] INFO:colcon.colcon_core.shell:Creating package script '/home/rahul/Desktop/module_1_assignment/install/module_1_assignment/share/module_1_assignment/package.zsh'
[4.419s] Level 1:colcon.colcon_core.environment:create_file_with_runtime_dependencies(/home/rahul/Desktop/module_1_assignment/install/module_1_assignment/share/colcon-core/packages/module_1_assignment)
[4.420s] DEBUG:colcon.colcon_parallel_executor.executor.parallel:closing loop
[4.420s] DEBUG:colcon.colcon_parallel_executor.executor.parallel:loop closed
[4.421s] DEBUG:colcon.colcon_parallel_executor.executor.parallel:run_until_complete finished with '0'
[4.421s] DEBUG:colcon.colcon_core.event_reactor:joining thread
[4.432s] INFO:colcon.colcon_core.plugin_system:Skipping extension 'colcon_notification.desktop_notification.terminal_notifier': Not used on non-Darwin systems
[4.432s] INFO:colcon.colcon_core.plugin_system:Skipping extension 'colcon_notification.desktop_notification.win32': Not used on non-Windows systems
[4.432s] INFO:colcon.colcon_notification.desktop_notification:Sending desktop notification using 'notify2'
[4.462s] DEBUG:colcon.colcon_core.event_reactor:joined thread
[4.463s] INFO:colcon.colcon_core.shell:Creating prefix script '/home/rahul/Desktop/module_1_assignment/install/local_setup.ps1'
[4.466s] INFO:colcon.colcon_core.shell:Creating prefix util module '/home/rahul/Desktop/module_1_assignment/install/_local_setup_util_ps1.py'
[4.469s] INFO:colcon.colcon_core.shell:Creating prefix chain script '/home/rahul/Desktop/module_1_assignment/install/setup.ps1'
[4.471s] INFO:colcon.colcon_core.shell:Creating prefix script '/home/rahul/Desktop/module_1_assignment/install/local_setup.sh'
[4.472s] INFO:colcon.colcon_core.shell:Creating prefix util module '/home/rahul/Desktop/module_1_assignment/install/_local_setup_util_sh.py'
[4.473s] INFO:colcon.colcon_core.shell:Creating prefix chain script '/home/rahul/Desktop/module_1_assignment/install/setup.sh'
[4.476s] INFO:colcon.colcon_core.shell:Creating prefix script '/home/rahul/Desktop/module_1_assignment/install/local_setup.bash'
[4.477s] INFO:colcon.colcon_core.shell:Creating prefix chain script '/home/rahul/Desktop/module_1_assignment/install/setup.bash'
[4.479s] INFO:colcon.colcon_core.shell:Creating prefix script '/home/rahul/Desktop/module_1_assignment/install/local_setup.zsh'
[4.480s] INFO:colcon.colcon_core.shell:Creating prefix chain script '/home/rahul/Desktop/module_1_assignment/install/setup.zsh'
