-- Found ament_cmake: 1.3.9 (/opt/ros/humble/share/ament_cmake/cmake)
-- Found rclcpp: 16.0.9 (/opt/ros/humble/share/rclcpp/cmake)
-- Found rosidl_generator_c: 3.1.5 (/opt/ros/humble/share/rosidl_generator_c/cmake)
-- Found rosidl_adapter: 3.1.5 (/opt/ros/humble/share/rosidl_adapter/cmake)
-- Found rosidl_generator_cpp: 3.1.5 (/opt/ros/humble/share/rosidl_generator_cpp/cmake)
-- Using all available rosidl_typesupport_c: rosidl_typesupport_fastrtps_c;rosidl_typesupport_introspection_c
-- Using all available rosidl_typesupport_cpp: rosidl_typesupport_fastrtps_cpp;rosidl_typesupport_introspection_cpp
-- Found rmw_implementation_cmake: 6.1.2 (/opt/ros/humble/share/rmw_implementation_cmake/cmake)
-- Found rmw_fastrtps_cpp: 6.2.6 (/opt/ros/humble/share/rmw_fastrtps_cpp/cmake)
-- Using RMW implementation 'rmw_fastrtps_cpp' as default
-- Found ament_lint_auto: 0.12.11 (/opt/ros/humble/share/ament_lint_auto/cmake)
-- Added test 'cppcheck' to perform static code analysis on C / C++ code
-- Configured cppcheck include dirs: /home/rahul/Desktop/module_1_assignment/include
-- Configured cppcheck exclude dirs and/or files: 
-- Added test 'flake8' to check Python code syntax and style conventions
-- Added test 'lint_cmake' to check CMake code style
-- Added test 'pep257' to check Python code against some of the docstring style conventions in PEP 257
-- Added test 'uncrustify' to check C / C++ code style
-- Configured uncrustify additional arguments: 
-- Added test 'xmllint' to check XML markup files
-- Configuring done
-- Generating done
-- Build files have been written to: /home/rahul/Desktop/module_1_assignment/build/module_1_assignment
[35m[1mConsolidate compiler generated dependencies of target task_3[0m
[35m[1mConsolidate compiler generated dependencies of target task_4[0m
[ 10%] [32mBuilding CXX object CMakeFiles/task_2.dir/src/task_2.cpp.o[0m
[ 20%] [32mBuilding CXX object CMakeFiles/task_1.dir/src/task_1.cpp.o[0m
[ 60%] Built target task_4
[ 80%] Built target task_3
[ 90%] [32m[1mLinking CXX executable task_2[0m
[100%] [32m[1mLinking CXX executable task_1[0m
[100%] Built target task_2
[100%] Built target task_1
-- Install configuration: ""
-- Installing: /home/rahul/Desktop/module_1_assignment/install/module_1_assignment/lib/module_1_assignment/task_1
-- Set runtime path of "/home/rahul/Desktop/module_1_assignment/install/module_1_assignment/lib/module_1_assignment/task_1" to ""
-- Installing: /home/rahul/Desktop/module_1_assignment/install/module_1_assignment/lib/module_1_assignment/task_2
-- Set runtime path of "/home/rahul/Desktop/module_1_assignment/install/module_1_assignment/lib/module_1_assignment/task_2" to ""
-- Up-to-date: /home/rahul/Desktop/module_1_assignment/install/module_1_assignment/lib/module_1_assignment/task_3
-- Up-to-date: /home/rahul/Desktop/module_1_assignment/install/module_1_assignment/lib/module_1_assignment/task_4
-- Up-to-date: /home/rahul/Desktop/module_1_assignment/install/module_1_assignment/share/ament_index/resource_index/package_run_dependencies/module_1_assignment
-- Up-to-date: /home/rahul/Desktop/module_1_assignment/install/module_1_assignment/share/ament_index/resource_index/parent_prefix_path/module_1_assignment
-- Up-to-date: /home/rahul/Desktop/module_1_assignment/install/module_1_assignment/share/module_1_assignment/environment/ament_prefix_path.sh
-- Installing: /home/rahul/Desktop/module_1_assignment/install/module_1_assignment/share/module_1_assignment/environment/ament_prefix_path.dsv
-- Up-to-date: /home/rahul/Desktop/module_1_assignment/install/module_1_assignment/share/module_1_assignment/environment/path.sh
-- Installing: /home/rahul/Desktop/module_1_assignment/install/module_1_assignment/share/module_1_assignment/environment/path.dsv
-- Up-to-date: /home/rahul/Desktop/module_1_assignment/install/module_1_assignment/share/module_1_assignment/local_setup.bash
-- Up-to-date: /home/rahul/Desktop/module_1_assignment/install/module_1_assignment/share/module_1_assignment/local_setup.sh
-- Up-to-date: /home/rahul/Desktop/module_1_assignment/install/module_1_assignment/share/module_1_assignment/local_setup.zsh
-- Installing: /home/rahul/Desktop/module_1_assignment/install/module_1_assignment/share/module_1_assignment/local_setup.dsv
-- Installing: /home/rahul/Desktop/module_1_assignment/install/module_1_assignment/share/module_1_assignment/package.dsv
-- Up-to-date: /home/rahul/Desktop/module_1_assignment/install/module_1_assignment/share/ament_index/resource_index/packages/module_1_assignment
-- Up-to-date: /home/rahul/Desktop/module_1_assignment/install/module_1_assignment/share/module_1_assignment/cmake/module_1_assignmentConfig.cmake
-- Up-to-date: /home/rahul/Desktop/module_1_assignment/install/module_1_assignment/share/module_1_assignment/cmake/module_1_assignmentConfig-version.cmake
-- Up-to-date: /home/rahul/Desktop/module_1_assignment/install/module_1_assignment/share/module_1_assignment/package.xml
