[0.027s] Invoking command in '/home/rahul/Desktop/module_1_assignment/build/module_1_assignment': CMAKE_PREFIX_PATH=${CMAKE_PREFIX_PATH}:/opt/ros/humble /usr/bin/cmake --build /home/rahul/Desktop/module_1_assignment/build/module_1_assignment -- -j4 -l4
[0.068s] -- Found ament_cmake: 1.3.9 (/opt/ros/humble/share/ament_cmake/cmake)
[0.315s] -- Found rclcpp: 16.0.9 (/opt/ros/humble/share/rclcpp/cmake)
[0.377s] -- Found rosidl_generator_c: 3.1.5 (/opt/ros/humble/share/rosidl_generator_c/cmake)
[0.382s] -- Found rosidl_adapter: 3.1.5 (/opt/ros/humble/share/rosidl_adapter/cmake)
[0.394s] -- Found rosidl_generator_cpp: 3.1.5 (/opt/ros/humble/share/rosidl_generator_cpp/cmake)
[0.420s] -- Using all available rosidl_typesupport_c: rosidl_typesupport_fastrtps_c;rosidl_typesupport_introspection_c
[0.515s] -- Using all available rosidl_typesupport_cpp: rosidl_typesupport_fastrtps_cpp;rosidl_typesupport_introspection_cpp
[0.613s] -- Found rmw_implementation_cmake: 6.1.2 (/opt/ros/humble/share/rmw_implementation_cmake/cmake)
[0.616s] -- Found rmw_fastrtps_cpp: 6.2.6 (/opt/ros/humble/share/rmw_fastrtps_cpp/cmake)
[0.799s] -- Using RMW implementation 'rmw_fastrtps_cpp' as default
[1.047s] -- Found ament_lint_auto: 0.12.11 (/opt/ros/humble/share/ament_lint_auto/cmake)
[1.202s] -- Added test 'cppcheck' to perform static code analysis on C / C++ code
[1.203s] -- Configured cppcheck include dirs: /home/rahul/Desktop/module_1_assignment/include
[1.203s] -- Configured cppcheck exclude dirs and/or files: 
[1.210s] -- Added test 'flake8' to check Python code syntax and style conventions
[1.221s] -- Added test 'lint_cmake' to check CMake code style
[1.227s] -- Added test 'pep257' to check Python code against some of the docstring style conventions in PEP 257
[1.271s] -- Added test 'uncrustify' to check C / C++ code style
[1.272s] -- Configured uncrustify additional arguments: 
[1.277s] -- Added test 'xmllint' to check XML markup files
[1.279s] -- Configuring done
[1.308s] -- Generating done
[1.313s] -- Build files have been written to: /home/rahul/Desktop/module_1_assignment/build/module_1_assignment
[1.367s] [35m[1mConsolidate compiler generated dependencies of target task_3[0m
[1.370s] [35m[1mConsolidate compiler generated dependencies of target task_4[0m
[1.390s] [ 10%] [32mBuilding CXX object CMakeFiles/task_2.dir/src/task_2.cpp.o[0m
[1.393s] [ 20%] [32mBuilding CXX object CMakeFiles/task_1.dir/src/task_1.cpp.o[0m
[1.410s] [ 60%] Built target task_4
[1.418s] [ 80%] Built target task_3
[1.938s] [ 90%] [32m[1mLinking CXX executable task_2[0m
[1.974s] [100%] [32m[1mLinking CXX executable task_1[0m
[2.118s] [100%] Built target task_2
[2.149s] [100%] Built target task_1
[2.166s] Invoked command in '/home/rahul/Desktop/module_1_assignment/build/module_1_assignment' returned '0': CMAKE_PREFIX_PATH=${CMAKE_PREFIX_PATH}:/opt/ros/humble /usr/bin/cmake --build /home/rahul/Desktop/module_1_assignment/build/module_1_assignment -- -j4 -l4
[2.251s] Invoking command in '/home/rahul/Desktop/module_1_assignment/build/module_1_assignment': CMAKE_PREFIX_PATH=${CMAKE_PREFIX_PATH}:/opt/ros/humble /usr/bin/cmake --install /home/rahul/Desktop/module_1_assignment/build/module_1_assignment
[2.263s] -- Install configuration: ""
[2.263s] -- Installing: /home/rahul/Desktop/module_1_assignment/install/module_1_assignment/lib/module_1_assignment/task_1
[2.264s] -- Set runtime path of "/home/rahul/Desktop/module_1_assignment/install/module_1_assignment/lib/module_1_assignment/task_1" to ""
[2.264s] -- Installing: /home/rahul/Desktop/module_1_assignment/install/module_1_assignment/lib/module_1_assignment/task_2
[2.265s] -- Set runtime path of "/home/rahul/Desktop/module_1_assignment/install/module_1_assignment/lib/module_1_assignment/task_2" to ""
[2.265s] -- Up-to-date: /home/rahul/Desktop/module_1_assignment/install/module_1_assignment/lib/module_1_assignment/task_3
[2.266s] -- Up-to-date: /home/rahul/Desktop/module_1_assignment/install/module_1_assignment/lib/module_1_assignment/task_4
[2.267s] -- Up-to-date: /home/rahul/Desktop/module_1_assignment/install/module_1_assignment/share/ament_index/resource_index/package_run_dependencies/module_1_assignment
[2.267s] -- Up-to-date: /home/rahul/Desktop/module_1_assignment/install/module_1_assignment/share/ament_index/resource_index/parent_prefix_path/module_1_assignment
[2.268s] -- Up-to-date: /home/rahul/Desktop/module_1_assignment/install/module_1_assignment/share/module_1_assignment/environment/ament_prefix_path.sh
[2.268s] -- Installing: /home/rahul/Desktop/module_1_assignment/install/module_1_assignment/share/module_1_assignment/environment/ament_prefix_path.dsv
[2.269s] -- Up-to-date: /home/rahul/Desktop/module_1_assignment/install/module_1_assignment/share/module_1_assignment/environment/path.sh
[2.269s] -- Installing: /home/rahul/Desktop/module_1_assignment/install/module_1_assignment/share/module_1_assignment/environment/path.dsv
[2.269s] -- Up-to-date: /home/rahul/Desktop/module_1_assignment/install/module_1_assignment/share/module_1_assignment/local_setup.bash
[2.269s] -- Up-to-date: /home/rahul/Desktop/module_1_assignment/install/module_1_assignment/share/module_1_assignment/local_setup.sh
[2.270s] -- Up-to-date: /home/rahul/Desktop/module_1_assignment/install/module_1_assignment/share/module_1_assignment/local_setup.zsh
[2.270s] -- Installing: /home/rahul/Desktop/module_1_assignment/install/module_1_assignment/share/module_1_assignment/local_setup.dsv
[2.271s] -- Installing: /home/rahul/Desktop/module_1_assignment/install/module_1_assignment/share/module_1_assignment/package.dsv
[2.271s] -- Up-to-date: /home/rahul/Desktop/module_1_assignment/install/module_1_assignment/share/ament_index/resource_index/packages/module_1_assignment
[2.271s] -- Up-to-date: /home/rahul/Desktop/module_1_assignment/install/module_1_assignment/share/module_1_assignment/cmake/module_1_assignmentConfig.cmake
[2.271s] -- Up-to-date: /home/rahul/Desktop/module_1_assignment/install/module_1_assignment/share/module_1_assignment/cmake/module_1_assignmentConfig-version.cmake
[2.271s] -- Up-to-date: /home/rahul/Desktop/module_1_assignment/install/module_1_assignment/share/module_1_assignment/package.xml
[2.274s] Invoked command in '/home/rahul/Desktop/module_1_assignment/build/module_1_assignment' returned '0': CMAKE_PREFIX_PATH=${CMAKE_PREFIX_PATH}:/opt/ros/humble /usr/bin/cmake --install /home/rahul/Desktop/module_1_assignment/build/module_1_assignment
