[0.197s] DEBUG:colcon:Command line arguments: ['/usr/bin/colcon', 'build']
[0.197s] DEBUG:colcon:Parsed command line arguments: Namespace(log_base=None, log_level=None, verb_name='build', build_base='build', install_base='install', merge_install=False, symlink_install=False, test_result_base=None, continue_on_error=False, executor='parallel', parallel_workers=4, event_handlers=None, ignore_user_meta=False, metas=['./colcon.meta'], base_paths=['.'], packages_ignore=None, packages_ignore_regex=None, paths=None, packages_up_to=None, packages_up_to_regex=None, packages_above=None, packages_above_and_dependencies=None, packages_above_depth=None, packages_select_by_dep=None, packages_skip_by_dep=None, packages_skip_up_to=None, packages_select_build_failed=False, packages_skip_build_finished=False, packages_select_test_failures=False, packages_skip_test_passed=False, packages_select=None, packages_skip=None, packages_select_regex=None, packages_skip_regex=None, packages_start=None, packages_end=None, allow_overriding=[], cmake_args=None, cmake_target=None, cmake_target_skip_unavailable=False, cmake_clean_cache=False, cmake_clean_first=False, cmake_force_configure=False, ament_cmake_args=None, catkin_cmake_args=None, catkin_skip_building_tests=False, verb_parser=<colcon_defaults.argument_parser.defaults.DefaultArgumentsDecorator object at 0x709eaf641720>, verb_extension=<colcon_core.verb.build.BuildVerb object at 0x709eaf6411e0>, main=<bound method BuildVerb.main of <colcon_core.verb.build.BuildVerb object at 0x709eaf6411e0>>)
[0.473s] Level 1:colcon.colcon_core.package_discovery:discover_packages(colcon_meta) check parameters
[0.473s] Level 1:colcon.colcon_core.package_discovery:discover_packages(recursive) check parameters
[0.473s] Level 1:colcon.colcon_core.package_discovery:discover_packages(ignore) check parameters
[0.473s] Level 1:colcon.colcon_core.package_discovery:discover_packages(path) check parameters
[0.474s] Level 1:colcon.colcon_core.package_discovery:discover_packages(colcon_meta) discover
[0.474s] Level 1:colcon.colcon_core.package_discovery:discover_packages(recursive) discover
[0.474s] INFO:colcon.colcon_core.package_discovery:Crawling recursively for packages in '/home/rahul/Desktop/module_1_assignment'
[0.474s] Level 1:colcon.colcon_core.package_identification:_identify(.) by extensions ['ignore', 'ignore_ament_install']
[0.474s] Level 1:colcon.colcon_core.package_identification:_identify(.) by extension 'ignore'
[0.474s] Level 1:colcon.colcon_core.package_identification:_identify(.) by extension 'ignore_ament_install'
[0.475s] Level 1:colcon.colcon_core.package_identification:_identify(.) by extensions ['colcon_pkg']
[0.475s] Level 1:colcon.colcon_core.package_identification:_identify(.) by extension 'colcon_pkg'
[0.475s] Level 1:colcon.colcon_core.package_identification:_identify(.) by extensions ['colcon_meta']
[0.475s] Level 1:colcon.colcon_core.package_identification:_identify(.) by extension 'colcon_meta'
[0.475s] Level 1:colcon.colcon_core.package_identification:_identify(.) by extensions ['ros']
[0.475s] Level 1:colcon.colcon_core.package_identification:_identify(.) by extension 'ros'
[0.492s] DEBUG:colcon.colcon_core.package_identification:Package '.' with type 'ros.ament_cmake' and name 'module_1_assignment'
[0.493s] Level 1:colcon.colcon_core.package_discovery:discover_packages(recursive) using defaults
[0.493s] Level 1:colcon.colcon_core.package_discovery:discover_packages(ignore) discover
[0.493s] Level 1:colcon.colcon_core.package_discovery:discover_packages(ignore) using defaults
[0.493s] Level 1:colcon.colcon_core.package_discovery:discover_packages(path) discover
[0.493s] Level 1:colcon.colcon_core.package_discovery:discover_packages(path) using defaults
[0.525s] Level 1:colcon.colcon_core.package_discovery:discover_packages(prefix_path) check parameters
[0.525s] Level 1:colcon.colcon_core.package_discovery:discover_packages(prefix_path) discover
[0.530s] DEBUG:colcon.colcon_installed_package_information.package_discovery:Found 1 installed packages in /home/rahul/Desktop/module_1_assignment/install
[0.532s] DEBUG:colcon.colcon_installed_package_information.package_discovery:Found 406 installed packages in /opt/ros/humble
[0.547s] Level 1:colcon.colcon_core.package_discovery:discover_packages(prefix_path) using defaults
[0.618s] Level 5:colcon.colcon_core.verb:set package 'module_1_assignment' build argument 'cmake_args' from command line to 'None'
[0.618s] Level 5:colcon.colcon_core.verb:set package 'module_1_assignment' build argument 'cmake_target' from command line to 'None'
[0.618s] Level 5:colcon.colcon_core.verb:set package 'module_1_assignment' build argument 'cmake_target_skip_unavailable' from command line to 'False'
[0.618s] Level 5:colcon.colcon_core.verb:set package 'module_1_assignment' build argument 'cmake_clean_cache' from command line to 'False'
[0.618s] Level 5:colcon.colcon_core.verb:set package 'module_1_assignment' build argument 'cmake_clean_first' from command line to 'False'
[0.618s] Level 5:colcon.colcon_core.verb:set package 'module_1_assignment' build argument 'cmake_force_configure' from command line to 'False'
[0.618s] Level 5:colcon.colcon_core.verb:set package 'module_1_assignment' build argument 'ament_cmake_args' from command line to 'None'
[0.618s] Level 5:colcon.colcon_core.verb:set package 'module_1_assignment' build argument 'catkin_cmake_args' from command line to 'None'
[0.618s] Level 5:colcon.colcon_core.verb:set package 'module_1_assignment' build argument 'catkin_skip_building_tests' from command line to 'False'
[0.618s] DEBUG:colcon.colcon_core.verb:Building package 'module_1_assignment' with the following arguments: {'ament_cmake_args': None, 'build_base': '/home/rahul/Desktop/module_1_assignment/build/module_1_assignment', 'catkin_cmake_args': None, 'catkin_skip_building_tests': False, 'cmake_args': None, 'cmake_clean_cache': False, 'cmake_clean_first': False, 'cmake_force_configure': False, 'cmake_target': None, 'cmake_target_skip_unavailable': False, 'install_base': '/home/rahul/Desktop/module_1_assignment/install/module_1_assignment', 'merge_install': False, 'path': '/home/rahul/Desktop/module_1_assignment', 'symlink_install': False, 'test_result_base': None}
[0.618s] INFO:colcon.colcon_core.executor:Executing jobs using 'parallel' executor
[0.620s] DEBUG:colcon.colcon_parallel_executor.executor.parallel:run_until_complete
[0.620s] INFO:colcon.colcon_ros.task.ament_cmake.build:Building ROS package in '/home/rahul/Desktop/module_1_assignment' with build type 'ament_cmake'
[0.620s] INFO:colcon.colcon_cmake.task.cmake.build:Building CMake package in '/home/rahul/Desktop/module_1_assignment'
[0.624s] INFO:colcon.colcon_core.plugin_system:Skipping extension 'colcon_core.shell.bat': Not used on non-Windows systems
[0.624s] INFO:colcon.colcon_core.shell:Skip shell extension 'powershell' for command environment: Not usable outside of PowerShell
[0.624s] DEBUG:colcon.colcon_core.shell:Skip shell extension 'dsv' for command environment
[0.647s] DEBUG:colcon.colcon_core.event_handler.log_command:Invoking command in '/home/rahul/Desktop/module_1_assignment/build/module_1_assignment': CMAKE_PREFIX_PATH=${CMAKE_PREFIX_PATH}:/opt/ros/humble /usr/bin/cmake --build /home/rahul/Desktop/module_1_assignment/build/module_1_assignment -- -j4 -l4
[2.100s] DEBUG:colcon.colcon_core.event_handler.log_command:Invoked command in '/home/rahul/Desktop/module_1_assignment/build/module_1_assignment' returned '0': CMAKE_PREFIX_PATH=${CMAKE_PREFIX_PATH}:/opt/ros/humble /usr/bin/cmake --build /home/rahul/Desktop/module_1_assignment/build/module_1_assignment -- -j4 -l4
[2.179s] DEBUG:colcon.colcon_core.event_handler.log_command:Invoking command in '/home/rahul/Desktop/module_1_assignment/build/module_1_assignment': CMAKE_PREFIX_PATH=${CMAKE_PREFIX_PATH}:/opt/ros/humble /usr/bin/cmake --install /home/rahul/Desktop/module_1_assignment/build/module_1_assignment
[2.199s] Level 1:colcon.colcon_core.environment:create_environment_scripts_only(module_1_assignment)
[2.200s] DEBUG:colcon.colcon_core.event_handler.log_command:Invoked command in '/home/rahul/Desktop/module_1_assignment/build/module_1_assignment' returned '0': CMAKE_PREFIX_PATH=${CMAKE_PREFIX_PATH}:/opt/ros/humble /usr/bin/cmake --install /home/rahul/Desktop/module_1_assignment/build/module_1_assignment
[2.204s] Level 1:colcon.colcon_core.environment:checking '/home/rahul/Desktop/module_1_assignment/install/module_1_assignment' for CMake module files
[2.205s] Level 1:colcon.colcon_core.environment:checking '/home/rahul/Desktop/module_1_assignment/install/module_1_assignment' for CMake config files
[2.205s] Level 1:colcon.colcon_core.shell:create_environment_hook('module_1_assignment', 'cmake_prefix_path')
[2.206s] INFO:colcon.colcon_core.shell:Creating environment hook '/home/rahul/Desktop/module_1_assignment/install/module_1_assignment/share/module_1_assignment/hook/cmake_prefix_path.ps1'
[2.207s] INFO:colcon.colcon_core.shell:Creating environment descriptor '/home/rahul/Desktop/module_1_assignment/install/module_1_assignment/share/module_1_assignment/hook/cmake_prefix_path.dsv'
[2.208s] INFO:colcon.colcon_core.shell:Creating environment hook '/home/rahul/Desktop/module_1_assignment/install/module_1_assignment/share/module_1_assignment/hook/cmake_prefix_path.sh'
[2.209s] Level 1:colcon.colcon_core.environment:checking '/home/rahul/Desktop/module_1_assignment/install/module_1_assignment/lib'
[2.210s] Level 1:colcon.colcon_core.environment:checking '/home/rahul/Desktop/module_1_assignment/install/module_1_assignment/bin'
[2.210s] Level 1:colcon.colcon_core.environment:checking '/home/rahul/Desktop/module_1_assignment/install/module_1_assignment/lib/pkgconfig/module_1_assignment.pc'
[2.210s] Level 1:colcon.colcon_core.environment:checking '/home/rahul/Desktop/module_1_assignment/install/module_1_assignment/lib/python3.10/site-packages'
[2.211s] Level 1:colcon.colcon_core.environment:checking '/home/rahul/Desktop/module_1_assignment/install/module_1_assignment/bin'
[2.212s] INFO:colcon.colcon_core.shell:Creating package script '/home/rahul/Desktop/module_1_assignment/install/module_1_assignment/share/module_1_assignment/package.ps1'
[2.213s] INFO:colcon.colcon_core.shell:Creating package descriptor '/home/rahul/Desktop/module_1_assignment/install/module_1_assignment/share/module_1_assignment/package.dsv'
[2.215s] INFO:colcon.colcon_core.shell:Creating package script '/home/rahul/Desktop/module_1_assignment/install/module_1_assignment/share/module_1_assignment/package.sh'
[2.216s] INFO:colcon.colcon_core.shell:Creating package script '/home/rahul/Desktop/module_1_assignment/install/module_1_assignment/share/module_1_assignment/package.bash'
[2.217s] INFO:colcon.colcon_core.shell:Creating package script '/home/rahul/Desktop/module_1_assignment/install/module_1_assignment/share/module_1_assignment/package.zsh'
[2.219s] Level 1:colcon.colcon_core.environment:create_file_with_runtime_dependencies(/home/rahul/Desktop/module_1_assignment/install/module_1_assignment/share/colcon-core/packages/module_1_assignment)
[2.271s] Level 1:colcon.colcon_core.environment:create_environment_scripts_only(module_1_assignment)
[2.271s] Level 1:colcon.colcon_core.environment:checking '/home/rahul/Desktop/module_1_assignment/install/module_1_assignment' for CMake module files
[2.272s] Level 1:colcon.colcon_core.environment:checking '/home/rahul/Desktop/module_1_assignment/install/module_1_assignment' for CMake config files
[2.273s] Level 1:colcon.colcon_core.shell:create_environment_hook('module_1_assignment', 'cmake_prefix_path')
[2.274s] INFO:colcon.colcon_core.shell:Creating environment hook '/home/rahul/Desktop/module_1_assignment/install/module_1_assignment/share/module_1_assignment/hook/cmake_prefix_path.ps1'
[2.274s] INFO:colcon.colcon_core.shell:Creating environment descriptor '/home/rahul/Desktop/module_1_assignment/install/module_1_assignment/share/module_1_assignment/hook/cmake_prefix_path.dsv'
[2.275s] INFO:colcon.colcon_core.shell:Creating environment hook '/home/rahul/Desktop/module_1_assignment/install/module_1_assignment/share/module_1_assignment/hook/cmake_prefix_path.sh'
[2.276s] Level 1:colcon.colcon_core.environment:checking '/home/rahul/Desktop/module_1_assignment/install/module_1_assignment/lib'
[2.276s] Level 1:colcon.colcon_core.environment:checking '/home/rahul/Desktop/module_1_assignment/install/module_1_assignment/bin'
[2.276s] Level 1:colcon.colcon_core.environment:checking '/home/rahul/Desktop/module_1_assignment/install/module_1_assignment/lib/pkgconfig/module_1_assignment.pc'
[2.276s] Level 1:colcon.colcon_core.environment:checking '/home/rahul/Desktop/module_1_assignment/install/module_1_assignment/lib/python3.10/site-packages'
[2.277s] Level 1:colcon.colcon_core.environment:checking '/home/rahul/Desktop/module_1_assignment/install/module_1_assignment/bin'
[2.277s] INFO:colcon.colcon_core.shell:Creating package script '/home/rahul/Desktop/module_1_assignment/install/module_1_assignment/share/module_1_assignment/package.ps1'
[2.278s] INFO:colcon.colcon_core.shell:Creating package descriptor '/home/rahul/Desktop/module_1_assignment/install/module_1_assignment/share/module_1_assignment/package.dsv'
[2.279s] INFO:colcon.colcon_core.shell:Creating package script '/home/rahul/Desktop/module_1_assignment/install/module_1_assignment/share/module_1_assignment/package.sh'
[2.279s] INFO:colcon.colcon_core.shell:Creating package script '/home/rahul/Desktop/module_1_assignment/install/module_1_assignment/share/module_1_assignment/package.bash'
[2.280s] INFO:colcon.colcon_core.shell:Creating package script '/home/rahul/Desktop/module_1_assignment/install/module_1_assignment/share/module_1_assignment/package.zsh'
[2.281s] Level 1:colcon.colcon_core.environment:create_file_with_runtime_dependencies(/home/rahul/Desktop/module_1_assignment/install/module_1_assignment/share/colcon-core/packages/module_1_assignment)
[2.281s] DEBUG:colcon.colcon_parallel_executor.executor.parallel:closing loop
[2.282s] DEBUG:colcon.colcon_parallel_executor.executor.parallel:loop closed
[2.282s] DEBUG:colcon.colcon_parallel_executor.executor.parallel:run_until_complete finished with '0'
[2.282s] DEBUG:colcon.colcon_core.event_reactor:joining thread
[2.294s] INFO:colcon.colcon_core.plugin_system:Skipping extension 'colcon_notification.desktop_notification.terminal_notifier': Not used on non-Darwin systems
[2.295s] INFO:colcon.colcon_core.plugin_system:Skipping extension 'colcon_notification.desktop_notification.win32': Not used on non-Windows systems
[2.295s] INFO:colcon.colcon_notification.desktop_notification:Sending desktop notification using 'notify2'
[2.315s] DEBUG:colcon.colcon_core.event_reactor:joined thread
[2.315s] INFO:colcon.colcon_core.shell:Creating prefix script '/home/rahul/Desktop/module_1_assignment/install/local_setup.ps1'
[2.317s] INFO:colcon.colcon_core.shell:Creating prefix util module '/home/rahul/Desktop/module_1_assignment/install/_local_setup_util_ps1.py'
[2.320s] INFO:colcon.colcon_core.shell:Creating prefix chain script '/home/rahul/Desktop/module_1_assignment/install/setup.ps1'
[2.323s] INFO:colcon.colcon_core.shell:Creating prefix script '/home/rahul/Desktop/module_1_assignment/install/local_setup.sh'
[2.324s] INFO:colcon.colcon_core.shell:Creating prefix util module '/home/rahul/Desktop/module_1_assignment/install/_local_setup_util_sh.py'
[2.325s] INFO:colcon.colcon_core.shell:Creating prefix chain script '/home/rahul/Desktop/module_1_assignment/install/setup.sh'
[2.327s] INFO:colcon.colcon_core.shell:Creating prefix script '/home/rahul/Desktop/module_1_assignment/install/local_setup.bash'
[2.328s] INFO:colcon.colcon_core.shell:Creating prefix chain script '/home/rahul/Desktop/module_1_assignment/install/setup.bash'
[2.331s] INFO:colcon.colcon_core.shell:Creating prefix script '/home/rahul/Desktop/module_1_assignment/install/local_setup.zsh'
[2.332s] INFO:colcon.colcon_core.shell:Creating prefix chain script '/home/rahul/Desktop/module_1_assignment/install/setup.zsh'
